<?xml version="1.0" encoding="UTF-8"?>
<!-- Generated by org.testng.reporters.JUnitReportReporter -->
<testsuite hostname="DESKTOP-D5EAA2D" failures="0" tests="1" name="SampleTest.SampleTest" time="0.008" errors="0" timestamp="2022-09-18T11:34:41 IST" skipped="0">
  <testcase classname="SampleTest.SampleTest" name="sampleTest" time="0.008"/>
  <system-out/>
</testsuite> <!-- SampleTest.SampleTest -->
