<?xml version="1.0" encoding="UTF-8"?>
<!-- Generated by org.testng.reporters.JUnitReportReporter -->
<testsuite hostname="DESKTOP-D5EAA2D" failures="0" tests="1" name="SampleTest.ContactTest" time="0.014" errors="0" timestamp="2022-09-19T20:43:59 IST" skipped="0">
  <testcase classname="SampleTest.ContactTest" name="contact" time="0.014"/>
  <system-out/>
</testsuite> <!-- SampleTest.ContactTest -->
