<?xml version="1.0" encoding="UTF-8"?>
<!-- Generated by org.testng.reporters.JUnitReportReporter -->
<testsuite hostname="DESKTOP-D5EAA2D" failures="0" tests="1" name="SampleTest.DemoTest" time="0.009" errors="0" timestamp="2022-09-17T17:30:30 IST" skipped="0">
  <testcase classname="SampleTest.DemoTest" name="demoTest" time="0.009"/>
  <system-out/>
</testsuite> <!-- SampleTest.DemoTest -->
